2025-09-15 13:41:09,634 p=3678 u=root n=ansible | turabov-vm-01 | UNREACHABLE! => {
    "changed": false,
    "msg": "Failed to connect to the host via ssh: Warning: Permanently added '10.128.0.12' (ED25519) to the list of known hosts.\r\nno such identity: /root/.ssh/id_rsa: No such file or directory\r\nsherali@10.128.0.12: Permission denied (publickey).",
    "unreachable": true
}
2025-09-15 13:41:09,637 p=3678 u=root n=ansible | turabov-vm-03 | UNREACHABLE! => {
    "changed": false,
    "msg": "Failed to connect to the host via ssh: Warning: Permanently added '10.128.0.32' (ED25519) to the list of known hosts.\r\nno such identity: /root/.ssh/id_rsa: No such file or directory\r\nsherali@10.128.0.32: Permission denied (publickey).",
    "unreachable": true
}
2025-09-15 13:41:09,641 p=3678 u=root n=ansible | turabov-vm-02 | UNREACHABLE! => {
    "changed": false,
    "msg": "Failed to connect to the host via ssh: Warning: Permanently added '10.128.0.9' (ED25519) to the list of known hosts.\r\nno such identity: /root/.ssh/id_rsa: No such file or directory\r\nsherali@10.128.0.9: Permission denied (publickey).",
    "unreachable": true
}
2025-09-15 13:46:57,858 p=3770 u=root n=ansible | turabov-vm-01 | UNREACHABLE! => {
    "changed": false,
    "msg": "Failed to connect to the host via ssh: sherali@10.128.0.12: Permission denied (publickey).",
    "unreachable": true
}
2025-09-15 13:46:57,889 p=3770 u=root n=ansible | turabov-vm-03 | UNREACHABLE! => {
    "changed": false,
    "msg": "Failed to connect to the host via ssh: sherali@10.128.0.32: Permission denied (publickey).",
    "unreachable": true
}
2025-09-15 13:46:57,892 p=3770 u=root n=ansible | turabov-vm-02 | UNREACHABLE! => {
    "changed": false,
    "msg": "Failed to connect to the host via ssh: sherali@10.128.0.9: Permission denied (publickey).",
    "unreachable": true
}
2025-09-15 13:47:17,410 p=3789 u=root n=ansible | turabov-vm-02 | UNREACHABLE! => {
    "changed": false,
    "msg": "Failed to connect to the host via ssh: sherali       # \\320\\267\\320\\260\\320\\274\\320\\265\\320\\275\\320\\270\\321\\202\\320\\265 \\320\\275\\320\\260 \\320\\262\\320\\260\\321\\210\\320\\265\\320\\263\\320\\276 \\320\\277\\320\\276\\320\\273\\321\\214\\320\\267\\320\\276\\320\\262\\320\\260\\321\\202\\320\\265\\320\\273\\321\\217@10.128.0.9: Permission denied (publickey).",
    "unreachable": true
}
2025-09-15 13:47:17,415 p=3789 u=root n=ansible | turabov-vm-01 | UNREACHABLE! => {
    "changed": false,
    "msg": "Failed to connect to the host via ssh: sherali       # \\320\\267\\320\\260\\320\\274\\320\\265\\320\\275\\320\\270\\321\\202\\320\\265 \\320\\275\\320\\260 \\320\\262\\320\\260\\321\\210\\320\\265\\320\\263\\320\\276 \\320\\277\\320\\276\\320\\273\\321\\214\\320\\267\\320\\276\\320\\262\\320\\260\\321\\202\\320\\265\\320\\273\\321\\217@10.128.0.12: Permission denied (publickey).",
    "unreachable": true
}
2025-09-15 13:47:17,430 p=3789 u=root n=ansible | turabov-vm-03 | UNREACHABLE! => {
    "changed": false,
    "msg": "Failed to connect to the host via ssh: sherali       # \\320\\267\\320\\260\\320\\274\\320\\265\\320\\275\\320\\270\\321\\202\\320\\265 \\320\\275\\320\\260 \\320\\262\\320\\260\\321\\210\\320\\265\\320\\263\\320\\276 \\320\\277\\320\\276\\320\\273\\321\\214\\320\\267\\320\\276\\320\\262\\320\\260\\321\\202\\320\\265\\320\\273\\321\\217@10.128.0.32: Permission denied (publickey).",
    "unreachable": true
}
2025-09-15 13:47:24,992 p=3807 u=root n=ansible | turabov-vm-03 | UNREACHABLE! => {
    "changed": false,
    "msg": "Failed to connect to the host via ssh: sherali@10.128.0.32: Permission denied (publickey).",
    "unreachable": true
}
2025-09-15 13:47:24,993 p=3807 u=root n=ansible | turabov-vm-02 | UNREACHABLE! => {
    "changed": false,
    "msg": "Failed to connect to the host via ssh: sherali@10.128.0.9: Permission denied (publickey).",
    "unreachable": true
}
2025-09-15 13:47:25,011 p=3807 u=root n=ansible | turabov-vm-01 | UNREACHABLE! => {
    "changed": false,
    "msg": "Failed to connect to the host via ssh: sherali@10.128.0.12: Permission denied (publickey).",
    "unreachable": true
}
2025-09-15 13:48:32,482 p=3824 u=root n=ansible | turabov-vm-01 | UNREACHABLE! => {
    "changed": false,
    "msg": "Failed to connect to the host via ssh: sherali@10.128.0.12: Permission denied (publickey).",
    "unreachable": true
}
2025-09-15 13:48:32,496 p=3824 u=root n=ansible | turabov-vm-02 | UNREACHABLE! => {
    "changed": false,
    "msg": "Failed to connect to the host via ssh: sherali@10.128.0.9: Permission denied (publickey).",
    "unreachable": true
}
2025-09-15 13:48:32,499 p=3824 u=root n=ansible | turabov-vm-03 | UNREACHABLE! => {
    "changed": false,
    "msg": "Failed to connect to the host via ssh: sherali@10.128.0.32: Permission denied (publickey).",
    "unreachable": true
}
2025-09-15 13:48:50,886 p=3841 u=root n=ansible | turabov-vm-01 | UNREACHABLE! => {
    "changed": false,
    "msg": "Failed to connect to the host via ssh: sherali@10.128.0.12: Permission denied (publickey).",
    "unreachable": true
}
2025-09-15 13:48:50,898 p=3841 u=root n=ansible | turabov-vm-02 | UNREACHABLE! => {
    "changed": false,
    "msg": "Failed to connect to the host via ssh: sherali@10.128.0.9: Permission denied (publickey).",
    "unreachable": true
}
2025-09-15 13:48:50,898 p=3841 u=root n=ansible | turabov-vm-03 | UNREACHABLE! => {
    "changed": false,
    "msg": "Failed to connect to the host via ssh: sherali@10.128.0.32: Permission denied (publickey).",
    "unreachable": true
}
2025-09-15 13:54:48,005 p=3949 u=root n=ansible | turabov-vm-01 | UNREACHABLE! => {
    "changed": false,
    "msg": "Failed to connect to the host via ssh: sherali@10.128.0.12: Permission denied (publickey).",
    "unreachable": true
}
2025-09-15 13:54:48,038 p=3949 u=root n=ansible | turabov-vm-03 | UNREACHABLE! => {
    "changed": false,
    "msg": "Failed to connect to the host via ssh: sherali@10.128.0.32: Permission denied (publickey).",
    "unreachable": true
}
2025-09-15 13:54:48,041 p=3949 u=root n=ansible | turabov-vm-02 | UNREACHABLE! => {
    "changed": false,
    "msg": "Failed to connect to the host via ssh: sherali@10.128.0.9: Permission denied (publickey).",
    "unreachable": true
}
2025-09-15 13:57:06,774 p=3970 u=root n=ansible | turabov-vm-02 | UNREACHABLE! => {
    "changed": false,
    "msg": "Failed to connect to the host via ssh: sherali@10.128.0.9: Permission denied (publickey).",
    "unreachable": true
}
2025-09-15 13:57:06,778 p=3970 u=root n=ansible | turabov-vm-03 | UNREACHABLE! => {
    "changed": false,
    "msg": "Failed to connect to the host via ssh: sherali@10.128.0.32: Permission denied (publickey).",
    "unreachable": true
}
2025-09-15 13:57:06,800 p=3970 u=root n=ansible | turabov-vm-01 | UNREACHABLE! => {
    "changed": false,
    "msg": "Failed to connect to the host via ssh: sherali@10.128.0.12: Permission denied (publickey).",
    "unreachable": true
}
2025-09-15 13:57:44,112 p=3988 u=root n=ansible | turabov-vm-01 | FAILED! => {
    "msg": "to use the 'ssh' connection type with passwords, you must install the sshpass program"
}
2025-09-15 13:57:44,117 p=3988 u=root n=ansible | turabov-vm-03 | FAILED! => {
    "msg": "to use the 'ssh' connection type with passwords, you must install the sshpass program"
}
2025-09-15 13:57:44,119 p=3988 u=root n=ansible | turabov-vm-02 | FAILED! => {
    "msg": "to use the 'ssh' connection type with passwords, you must install the sshpass program"
}
2025-09-17 12:49:27,738 p=941 u=root n=ansible | turabov-vm-02 | UNREACHABLE! => {
    "changed": false,
    "msg": "Failed to connect to the host via ssh: sherali@10.128.0.9: Permission denied (publickey).",
    "unreachable": true
}
2025-09-17 12:49:27,741 p=941 u=root n=ansible | turabov-vm-03 | UNREACHABLE! => {
    "changed": false,
    "msg": "Failed to connect to the host via ssh: sherali@10.128.0.32: Permission denied (publickey).",
    "unreachable": true
}
2025-09-17 12:49:27,744 p=941 u=root n=ansible | turabov-vm-01 | UNREACHABLE! => {
    "changed": false,
    "msg": "Failed to connect to the host via ssh: sherali@10.128.0.12: Permission denied (publickey).",
    "unreachable": true
}
2025-09-17 12:49:39,069 p=958 u=root n=ansible | turabov-vm-01 | UNREACHABLE! => {
    "changed": false,
    "msg": "Failed to connect to the host via ssh: sherali       # \\320\\267\\320\\260\\320\\274\\320\\265\\320\\275\\320\\270\\321\\202\\320\\265 \\320\\275\\320\\260 \\320\\262\\320\\260\\321\\210\\320\\265\\320\\263\\320\\276 \\320\\277\\320\\276\\320\\273\\321\\214\\320\\267\\320\\276\\320\\262\\320\\260\\321\\202\\320\\265\\320\\273\\321\\217@10.128.0.12: Permission denied (publickey).",
    "unreachable": true
}
2025-09-17 12:49:39,074 p=958 u=root n=ansible | turabov-vm-02 | UNREACHABLE! => {
    "changed": false,
    "msg": "Failed to connect to the host via ssh: sherali       # \\320\\267\\320\\260\\320\\274\\320\\265\\320\\275\\320\\270\\321\\202\\320\\265 \\320\\275\\320\\260 \\320\\262\\320\\260\\321\\210\\320\\265\\320\\263\\320\\276 \\320\\277\\320\\276\\320\\273\\321\\214\\320\\267\\320\\276\\320\\262\\320\\260\\321\\202\\320\\265\\320\\273\\321\\217@10.128.0.9: Permission denied (publickey).",
    "unreachable": true
}
2025-09-17 12:49:39,086 p=958 u=root n=ansible | turabov-vm-03 | UNREACHABLE! => {
    "changed": false,
    "msg": "Failed to connect to the host via ssh: sherali       # \\320\\267\\320\\260\\320\\274\\320\\265\\320\\275\\320\\270\\321\\202\\320\\265 \\320\\275\\320\\260 \\320\\262\\320\\260\\321\\210\\320\\265\\320\\263\\320\\276 \\320\\277\\320\\276\\320\\273\\321\\214\\320\\267\\320\\276\\320\\262\\320\\260\\321\\202\\320\\265\\320\\273\\321\\217@10.128.0.32: Permission denied (publickey).",
    "unreachable": true
}
2025-09-17 12:49:51,917 p=978 u=root n=ansible | turabov-vm-01 | UNREACHABLE! => {
    "changed": false,
    "msg": "Failed to connect to the host via ssh: ser@10.128.0.12: Permission denied (publickey).",
    "unreachable": true
}
2025-09-17 12:49:51,943 p=978 u=root n=ansible | turabov-vm-02 | UNREACHABLE! => {
    "changed": false,
    "msg": "Failed to connect to the host via ssh: ser@10.128.0.9: Permission denied (publickey).",
    "unreachable": true
}
2025-09-17 12:49:51,955 p=978 u=root n=ansible | turabov-vm-03 | UNREACHABLE! => {
    "changed": false,
    "msg": "Failed to connect to the host via ssh: ser@10.128.0.32: Permission denied (publickey).",
    "unreachable": true
}
2025-09-17 12:52:53,758 p=1033 u=root n=ansible | turabov-vm-01 | SUCCESS => {
    "ansible_facts": {
        "discovered_interpreter_python": "/usr/bin/python3"
    },
    "changed": false,
    "ping": "pong"
}
2025-09-17 12:52:53,768 p=1033 u=root n=ansible | turabov-vm-03 | SUCCESS => {
    "ansible_facts": {
        "discovered_interpreter_python": "/usr/bin/python3"
    },
    "changed": false,
    "ping": "pong"
}
2025-09-17 12:52:53,876 p=1033 u=root n=ansible | turabov-vm-02 | SUCCESS => {
    "ansible_facts": {
        "discovered_interpreter_python": "/usr/bin/python3"
    },
    "changed": false,
    "ping": "pong"
}
2025-09-17 12:53:26,691 p=1177 u=root n=ansible | turabov-vm-01 | SUCCESS => {
    "ansible_facts": {
        "discovered_interpreter_python": "/usr/bin/python3"
    },
    "changed": false,
    "ping": "pong"
}
2025-09-17 12:53:26,706 p=1177 u=root n=ansible | turabov-vm-02 | SUCCESS => {
    "ansible_facts": {
        "discovered_interpreter_python": "/usr/bin/python3"
    },
    "changed": false,
    "ping": "pong"
}
2025-09-17 12:53:26,709 p=1177 u=root n=ansible | turabov-vm-03 | SUCCESS => {
    "ansible_facts": {
        "discovered_interpreter_python": "/usr/bin/python3"
    },
    "changed": false,
    "ping": "pong"
}
2025-09-17 12:57:28,778 p=1630 u=root n=ansible | ERROR! this task 'apt-get' has extra params, which is only allowed in the following modules: ansible.builtin.win_command, ansible.builtin.raw, ansible.legacy.set_fact, ansible.builtin.group_by, ansible.builtin.script, ansible.legacy.win_shell, ansible.legacy.import_tasks, ansible.legacy.raw, ansible.legacy.win_command, ansible.builtin.set_fact, ansible.legacy.import_role, ansible.windows.win_shell, set_fact, group_by, script, ansible.legacy.command, ansible.builtin.include_role, ansible.legacy.script, ansible.builtin.meta, ansible.legacy.shell, meta, include_role, command, ansible.builtin.shell, include, raw, ansible.legacy.add_host, win_shell, ansible.builtin.import_tasks, ansible.builtin.import_role, ansible.legacy.include_vars, ansible.legacy.include_role, ansible.legacy.meta, ansible.builtin.add_host, import_role, ansible.legacy.group_by, ansible.legacy.include_tasks, ansible.windows.win_command, ansible.builtin.command, win_command, ansible.builtin.include_tasks, ansible.legacy.include, import_tasks, ansible.builtin.include, include_tasks, ansible.builtin.win_shell, ansible.builtin.include_vars, add_host, shell, include_vars
